#
# There is insufficient memory for the Java Runtime Environment to continue.
# Native memory allocation (malloc) failed to allocate 814032 bytes for Chunk::new
# Possible reasons:
#   The system is out of physical RAM or swap space
#   In 32 bit mode, the process size limit was hit
# Possible solutions:
#   Reduce memory load on the system
#   Increase physical memory or swap space
#   Check if swap backing store is full
#   Use 64 bit Java on a 64 bit OS
#   Decrease Java heap size (-Xmx/-Xms)
#   Decrease number of Java threads
#   Decrease Java thread stack sizes (-Xss)
#   Set larger code cache with -XX:ReservedCodeCacheSize=
# This output file may be truncated or incomplete.
#
#  Out of Memory Error (allocation.cpp:390), pid=14976, tid=0x0000000000003a40
#
# JRE version: OpenJDK Runtime Environment (8.0_152-b02) (build 1.8.0_152-release-1024-b02)
# Java VM: OpenJDK 64-Bit Server VM (25.152-b02 mixed mode windows-amd64 compressed oops)
# Failed to write core dump. Minidumps are not enabled by default on client versions of Windows
#

---------------  T H R E A D  ---------------

Current thread (0x0000000018e21800):  JavaThread "C2 CompilerThread0" daemon [_thread_in_native, id=14912, stack(0x00000000195f0000,0x00000000196f0000)]

Stack: [0x00000000195f0000,0x00000000196f0000]
[error occurred during error reporting (printing stack bounds), id 0xc0000005]

Native frames: (J=compiled Java code, j=interpreted, Vv=VM code, C=native code)


Current CompileTask:
C2:2496384 11769       4       org.jetbrains.kotlin.renderer.DescriptorRendererImpl::renderNormalizedType (54 bytes)


---------------  P R O C E S S  ---------------

Java Threads: ( => current thread )
  0x000000001ee9f000 JavaThread "RMI RenewClean-[localhost:53434,org.jetbrains.kotlin.daemon.common.LoopbackNetworkInterface$ClientLoopbackSocketFactory@630e50d5]" daemon [_thread_blocked, id=13560, stack(0x00000000239f0000,0x0000000023af0000)]
  0x000000001ee9d000 JavaThread "RMI TCP Connection(18)-127.0.0.1" daemon [_thread_in_native, id=17516, stack(0x00000000237f0000,0x00000000238f0000)]
  0x000000001ee9d800 JavaThread "RMI TCP Connection(19)-127.0.0.1" daemon [_thread_in_Java, id=14500, stack(0x00000000236f0000,0x00000000237f0000)]
  0x0000000019ed6800 JavaThread "RMI Scheduler(0)" daemon [_thread_blocked, id=10356, stack(0x000000001af20000,0x000000001b020000)]
  0x0000000003002800 JavaThread "DestroyJavaVM" [_thread_blocked, id=12172, stack(0x0000000002b30000,0x0000000002c30000)]
  0x0000000019ebf800 JavaThread "GC Daemon" daemon [_thread_blocked, id=616, stack(0x000000001a7f0000,0x000000001a8f0000)]
  0x0000000019eba800 JavaThread "RMI Reaper" [_thread_blocked, id=7896, stack(0x000000001a6f0000,0x000000001a7f0000)]
  0x0000000019e32000 JavaThread "Timer-0" daemon [_thread_blocked, id=17228, stack(0x000000001a4f0000,0x000000001a5f0000)]
  0x0000000019e2f000 JavaThread "RMI TCP Accept-17055" daemon [_thread_in_native, id=1436, stack(0x000000001a3f0000,0x000000001a4f0000)]
  0x0000000018eb8000 JavaThread "Service Thread" daemon [_thread_blocked, id=18048, stack(0x00000000199f0000,0x0000000019af0000)]
  0x0000000018e28800 JavaThread "C1 CompilerThread3" daemon [_thread_in_vm, id=14140, stack(0x00000000198f0000,0x00000000199f0000)]
  0x0000000018e27800 JavaThread "C2 CompilerThread2" daemon [_thread_in_native, id=9952, stack(0x00000000197f0000,0x00000000198f0000)]
  0x0000000018e26800 JavaThread "C2 CompilerThread1" daemon [_thread_in_native, id=13924, stack(0x00000000196f0000,0x00000000197f0000)]
=>0x0000000018e21800 JavaThread "C2 CompilerThread0" daemon [_thread_in_native, id=14912, stack(0x00000000195f0000,0x00000000196f0000)]
  0x0000000018dce800 JavaThread "Attach Listener" daemon [_thread_blocked, id=6836, stack(0x00000000194f0000,0x00000000195f0000)]
  0x0000000018dcd800 JavaThread "Signal Dispatcher" daemon [_thread_blocked, id=13656, stack(0x00000000193f0000,0x00000000194f0000)]
  0x0000000018db0800 JavaThread "Finalizer" daemon [_thread_blocked, id=15292, stack(0x0000000019190000,0x0000000019290000)]
  0x00000000030f7000 JavaThread "Reference Handler" daemon [_thread_blocked, id=11852, stack(0x0000000018c90000,0x0000000018d90000)]

Other Threads:
  0x0000000016eb7000 VMThread [stack: 0x0000000018b90000,0x0000000018c90000] [id=15564]
  0x0000000018eb9800 WatcherThread [stack: 0x0000000019af0000,0x0000000019bf0000] [id=5044]

VM state:not at safepoint (normal execution)

VM Mutex/Monitor currently owned by a thread: None

Heap:
 PSYoungGen      total 462848K, used 202276K [0x00000000e0000000, 0x00000000ffc80000, 0x0000000100000000)
  eden space 411136K, 49% used [0x00000000e0000000,0x00000000ec5893e0,0x00000000f9180000)
  from space 51712K, 0% used [0x00000000fca00000,0x00000000fca00000,0x00000000ffc80000)
  to   space 54784K, 0% used [0x00000000f9180000,0x00000000f9180000,0x00000000fc700000)
 ParOldGen       total 412160K, used 21485K [0x00000000a0000000, 0x00000000b9280000, 0x00000000e0000000)
  object space 412160K, 5% used [0x00000000a0000000,0x00000000a14fb738,0x00000000b9280000)
 Metaspace       used 57853K, capacity 59334K, committed 59544K, reserved 1101824K
  class space    used 6971K, capacity 7381K, committed 7576K, reserved 1048576K

Card table byte_map: [0x00000000124c0000,0x00000000127d0000] byte_map_base: 0x0000000011fc0000

Marking Bits: (ParMarkBitMap*) 0x000000006b104970
 Begin Bits: [0x00000000131d0000, 0x00000000149d0000)
 End Bits:   [0x00000000149d0000, 0x00000000161d0000)

Polling page: 0x0000000001330000

CodeCache: size=245760Kb used=37023Kb max_used=37023Kb free=208736Kb
 bounds [0x0000000003100000, 0x0000000005560000, 0x0000000012100000]
 total_blobs=10523 nmethods=9996 adapters=436
 compilation: enabled

Compilation events (10 events):
Event: 2495.876 Thread 0x0000000018e28800 11816       3       org.jetbrains.kotlin.codegen.optimization.common.UtilKt::stripOptimizationMarkers (58 bytes)
Event: 2495.877 Thread 0x0000000018e28800 nmethod 11816 0x0000000005555f10 code [0x0000000005556160, 0x0000000005556cd8]
Event: 2495.877 Thread 0x0000000018e28800 11813       3       org.jetbrains.kotlin.codegen.optimization.common.OptimizationBasicInterpreter::returnOperation (14 bytes)
Event: 2495.877 Thread 0x0000000018e28800 nmethod 11813 0x0000000005557250 code [0x00000000055573c0, 0x00000000055577d0]
Event: 2495.877 Thread 0x0000000018e28800 11812       3       org.jetbrains.kotlin.codegen.optimization.LabelNormalizationMethodTransformer$TransformerForMethod::<init> (39 bytes)
Event: 2495.877 Thread 0x0000000018e28800 nmethod 11812 0x00000000055578d0 code [0x0000000005557a60, 0x0000000005557ec8]
Event: 2495.877 Thread 0x0000000018e28800 11817       3       org.jetbrains.kotlin.renderer.DescriptorRendererImpl$appendTypeProjections$1::<init> (11 bytes)
Event: 2495.877 Thread 0x0000000018e28800 nmethod 11817 0x00000000055580d0 code [0x0000000005558240, 0x0000000005558470]
Event: 2495.877 Thread 0x0000000018e28800 11818       3       kotlin.collections.CollectionsKt___CollectionsKt::joinTo$default (101 bytes)
Event: 2495.877 Thread 0x0000000018e28800 nmethod 11818 0x0000000005558550 code [0x00000000055586c0, 0x00000000055589e8]

GC Heap History (10 events):
Event: 5.157 GC heap before
{Heap before GC invocations=12 (full 3):
 PSYoungGen      total 266240K, used 231429K [0x00000000e0000000, 0x00000000f3e80000, 0x0000000100000000)
  eden space 204288K, 100% used [0x00000000e0000000,0x00000000ec780000,0x00000000ec780000)
  from space 61952K, 43% used [0x00000000f0200000,0x00000000f1c815e0,0x00000000f3e80000)
  to   space 59904K, 0% used [0x00000000ec780000,0x00000000ec780000,0x00000000f0200000)
 ParOldGen       total 337408K, used 148000K [0x00000000a0000000, 0x00000000b4980000, 0x00000000e0000000)
  object space 337408K, 43% used [0x00000000a0000000,0x00000000a9088078,0x00000000b4980000)
 Metaspace       used 52246K, capacity 53246K, committed 53504K, reserved 1095680K
  class space    used 6578K, capacity 6839K, committed 6912K, reserved 1048576K
Event: 5.176 GC heap after
Heap after GC invocations=12 (full 3):
 PSYoungGen      total 264192K, used 12386K [0x00000000e0000000, 0x00000000fe080000, 0x0000000100000000)
  eden space 204288K, 0% used [0x00000000e0000000,0x00000000e0000000,0x00000000ec780000)
  from space 59904K, 20% used [0x00000000ec780000,0x00000000ed3989e0,0x00000000f0200000)
  to   space 58880K, 0% used [0x00000000fa700000,0x00000000fa700000,0x00000000fe080000)
 ParOldGen       total 337408K, used 164355K [0x00000000a0000000, 0x00000000b4980000, 0x00000000e0000000)
  object space 337408K, 48% used [0x00000000a0000000,0x00000000aa080e08,0x00000000b4980000)
 Metaspace       used 52246K, capacity 53246K, committed 53504K, reserved 1095680K
  class space    used 6578K, capacity 6839K, committed 6912K, reserved 1048576K
}
Event: 1906.436 GC heap before
{Heap before GC invocations=13 (full 3):
 PSYoungGen      total 264192K, used 216674K [0x00000000e0000000, 0x00000000fe080000, 0x0000000100000000)
  eden space 204288K, 100% used [0x00000000e0000000,0x00000000ec780000,0x00000000ec780000)
  from space 59904K, 20% used [0x00000000ec780000,0x00000000ed3989e0,0x00000000f0200000)
  to   space 58880K, 0% used [0x00000000fa700000,0x00000000fa700000,0x00000000fe080000)
 ParOldGen       total 337408K, used 164355K [0x00000000a0000000, 0x00000000b4980000, 0x00000000e0000000)
  object space 337408K, 48% used [0x00000000a0000000,0x00000000aa080e08,0x00000000b4980000)
 Metaspace       used 54610K, capacity 55770K, committed 56064K, reserved 1097728K
  class space    used 6766K, capacity 7071K, committed 7168K, reserved 1048576K
Event: 1906.445 GC heap after
Heap after GC invocations=13 (full 3):
 PSYoungGen      total 312832K, used 11631K [0x00000000e0000000, 0x00000000fb280000, 0x0000000100000000)
  eden space 301056K, 0% used [0x00000000e0000000,0x00000000e0000000,0x00000000f2600000)
  from space 11776K, 98% used [0x00000000fa700000,0x00000000fb25bee8,0x00000000fb280000)
  to   space 57856K, 0% used [0x00000000f4180000,0x00000000f4180000,0x00000000f7a00000)
 ParOldGen       total 337408K, used 164511K [0x00000000a0000000, 0x00000000b4980000, 0x00000000e0000000)
  object space 337408K, 48% used [0x00000000a0000000,0x00000000aa0a7e18,0x00000000b4980000)
 Metaspace       used 54610K, capacity 55770K, committed 56064K, reserved 1097728K
  class space    used 6766K, capacity 7071K, committed 7168K, reserved 1048576K
}
Event: 2447.844 GC heap before
{Heap before GC invocations=14 (full 3):
 PSYoungGen      total 312832K, used 312687K [0x00000000e0000000, 0x00000000fb280000, 0x0000000100000000)
  eden space 301056K, 100% used [0x00000000e0000000,0x00000000f2600000,0x00000000f2600000)
  from space 11776K, 98% used [0x00000000fa700000,0x00000000fb25bee8,0x00000000fb280000)
  to   space 57856K, 0% used [0x00000000f4180000,0x00000000f4180000,0x00000000f7a00000)
 ParOldGen       total 337408K, used 164511K [0x00000000a0000000, 0x00000000b4980000, 0x00000000e0000000)
  object space 337408K, 48% used [0x00000000a0000000,0x00000000aa0a7e18,0x00000000b4980000)
 Metaspace       used 56738K, capacity 57982K, committed 58112K, reserved 1099776K
  class space    used 6930K, capacity 7329K, committed 7424K, reserved 1048576K
Event: 2447.857 GC heap after
Heap after GC invocations=14 (full 3):
 PSYoungGen      total 387072K, used 19956K [0x00000000e0000000, 0x0000000100000000, 0x0000000100000000)
  eden space 329216K, 0% used [0x00000000e0000000,0x00000000e0000000,0x00000000f4180000)
  from space 57856K, 34% used [0x00000000f4180000,0x00000000f54fd268,0x00000000f7a00000)
  to   space 55296K, 0% used [0x00000000fca00000,0x00000000fca00000,0x0000000100000000)
 ParOldGen       total 337408K, used 168778K [0x00000000a0000000, 0x00000000b4980000, 0x00000000e0000000)
  object space 337408K, 50% used [0x00000000a0000000,0x00000000aa4d2978,0x00000000b4980000)
 Metaspace       used 56738K, capacity 57982K, committed 58112K, reserved 1099776K
  class space    used 6930K, capacity 7329K, committed 7424K, reserved 1048576K
}
Event: 2494.632 GC heap before
{Heap before GC invocations=15 (full 3):
 PSYoungGen      total 387072K, used 187452K [0x00000000e0000000, 0x0000000100000000, 0x0000000100000000)
  eden space 329216K, 50% used [0x00000000e0000000,0x00000000ea391e20,0x00000000f4180000)
  from space 57856K, 34% used [0x00000000f4180000,0x00000000f54fd268,0x00000000f7a00000)
  to   space 55296K, 0% used [0x00000000fca00000,0x00000000fca00000,0x0000000100000000)
 ParOldGen       total 337408K, used 168778K [0x00000000a0000000, 0x00000000b4980000, 0x00000000e0000000)
  object space 337408K, 50% used [0x00000000a0000000,0x00000000aa4d2978,0x00000000b4980000)
 Metaspace       used 57647K, capacity 59158K, committed 59160K, reserved 1101824K
  class space    used 6999K, capacity 7447K, committed 7448K, reserved 1048576K
Event: 2494.638 GC heap after
Heap after GC invocations=15 (full 3):
 PSYoungGen      total 462848K, used 6900K [0x00000000e0000000, 0x00000000ffc80000, 0x0000000100000000)
  eden space 411136K, 0% used [0x00000000e0000000,0x00000000e0000000,0x00000000f9180000)
  from space 51712K, 13% used [0x00000000fca00000,0x00000000fd0bd0d8,0x00000000ffc80000)
  to   space 54784K, 0% used [0x00000000f9180000,0x00000000f9180000,0x00000000fc700000)
 ParOldGen       total 337408K, used 172109K [0x00000000a0000000, 0x00000000b4980000, 0x00000000e0000000)
  object space 337408K, 51% used [0x00000000a0000000,0x00000000aa813510,0x00000000b4980000)
 Metaspace       used 57647K, capacity 59158K, committed 59160K, reserved 1101824K
  class space    used 6999K, capacity 7447K, committed 7448K, reserved 1048576K
}
Event: 2494.638 GC heap before
{Heap before GC invocations=16 (full 4):
 PSYoungGen      total 462848K, used 6900K [0x00000000e0000000, 0x00000000ffc80000, 0x0000000100000000)
  eden space 411136K, 0% used [0x00000000e0000000,0x00000000e0000000,0x00000000f9180000)
  from space 51712K, 13% used [0x00000000fca00000,0x00000000fd0bd0d8,0x00000000ffc80000)
  to   space 54784K, 0% used [0x00000000f9180000,0x00000000f9180000,0x00000000fc700000)
 ParOldGen       total 337408K, used 172109K [0x00000000a0000000, 0x00000000b4980000, 0x00000000e0000000)
  object space 337408K, 51% used [0x00000000a0000000,0x00000000aa813510,0x00000000b4980000)
 Metaspace       used 57647K, capacity 59158K, committed 59160K, reserved 1101824K
  class space    used 6999K, capacity 7447K, committed 7448K, reserved 1048576K
Event: 2494.737 GC heap after
Heap after GC invocations=16 (full 4):
 PSYoungGen      total 462848K, used 0K [0x00000000e0000000, 0x00000000ffc80000, 0x0000000100000000)
  eden space 411136K, 0% used [0x00000000e0000000,0x00000000e0000000,0x00000000f9180000)
  from space 51712K, 0% used [0x00000000fca00000,0x00000000fca00000,0x00000000ffc80000)
  to   space 54784K, 0% used [0x00000000f9180000,0x00000000f9180000,0x00000000fc700000)
 ParOldGen       total 412160K, used 21485K [0x00000000a0000000, 0x00000000b9280000, 0x00000000e0000000)
  object space 412160K, 5% used [0x00000000a0000000,0x00000000a14fb738,0x00000000b9280000)
 Metaspace       used 57027K, capacity 58412K, committed 59160K, reserved 1101824K
  class space    used 6909K, capacity 7288K, committed 7448K, reserved 1048576K
}

Deoptimization events (10 events):
Event: 2495.543 Thread 0x000000001ee9d800 Uncommon trap: reason=null_check action=make_not_entrant pc=0x000000000541da20 method=org.jetbrains.kotlin.resolve.lazy.LazyImportScope.getParent()Lorg/jetbrains/kotlin/resolve/scopes/HierarchicalScope; @ 4
Event: 2495.598 Thread 0x000000001ee9d800 Uncommon trap: reason=class_check action=maybe_recompile pc=0x0000000004af5288 method=org.jetbrains.kotlin.codegen.state.KotlinTypeMapper.writeGenericType(Lorg/jetbrains/kotlin/types/KotlinType;Lorg/jetbrains/org/objectweb/asm/Type;Lorg/jetbrains/kotlin/c
Event: 2495.640 Thread 0x000000001ee9d800 Uncommon trap: reason=bimorphic action=maybe_recompile pc=0x00000000037d5654 method=org.jetbrains.kotlin.resolve.calls.callResolverUtil.CallResolverUtilKt.isOrOverridesSynthesized(Lorg/jetbrains/kotlin/descriptors/CallableMemberDescriptor;)Z @ 8
Event: 2495.640 Thread 0x000000001ee9d800 Uncommon trap: reason=bimorphic action=maybe_recompile pc=0x00000000037d5654 method=org.jetbrains.kotlin.resolve.calls.callResolverUtil.CallResolverUtilKt.isOrOverridesSynthesized(Lorg/jetbrains/kotlin/descriptors/CallableMemberDescriptor;)Z @ 8
Event: 2495.640 Thread 0x000000001ee9d800 Uncommon trap: reason=bimorphic action=maybe_recompile pc=0x0000000003dab2e0 method=org.jetbrains.kotlin.resolve.OverridingUtil.collectOverriddenDeclarations(Lorg/jetbrains/kotlin/descriptors/CallableMemberDescriptor;Ljava/util/Set;)V @ 1
Event: 2495.640 Thread 0x000000001ee9d800 Uncommon trap: reason=bimorphic action=maybe_recompile pc=0x0000000003dab2e0 method=org.jetbrains.kotlin.resolve.OverridingUtil.collectOverriddenDeclarations(Lorg/jetbrains/kotlin/descriptors/CallableMemberDescriptor;Ljava/util/Set;)V @ 1
Event: 2495.640 Thread 0x000000001ee9d800 Uncommon trap: reason=bimorphic action=maybe_recompile pc=0x00000000037d5654 method=org.jetbrains.kotlin.resolve.calls.callResolverUtil.CallResolverUtilKt.isOrOverridesSynthesized(Lorg/jetbrains/kotlin/descriptors/CallableMemberDescriptor;)Z @ 8
Event: 2495.640 Thread 0x000000001ee9d800 Uncommon trap: reason=bimorphic action=maybe_recompile pc=0x00000000037d5654 method=org.jetbrains.kotlin.resolve.calls.callResolverUtil.CallResolverUtilKt.isOrOverridesSynthesized(Lorg/jetbrains/kotlin/descriptors/CallableMemberDescriptor;)Z @ 8
Event: 2495.640 Thread 0x000000001ee9d800 Uncommon trap: reason=bimorphic action=maybe_recompile pc=0x0000000003dab2e0 method=org.jetbrains.kotlin.resolve.OverridingUtil.collectOverriddenDeclarations(Lorg/jetbrains/kotlin/descriptors/CallableMemberDescriptor;Ljava/util/Set;)V @ 1
Event: 2495.640 Thread 0x000000001ee9d800 Uncommon trap: reason=bimorphic action=maybe_recompile pc=0x0000000003dab2e0 method=org.jetbrains.kotlin.resolve.OverridingUtil.collectOverriddenDeclarations(Lorg/jetbrains/kotlin/descriptors/CallableMemberDescriptor;Ljava/util/Set;)V @ 1

Classes redefined (0 events):
No events

Internal exceptions (10 events):
Event: 2130.258 Thread 0x000000001ee9c000 Exception <a 'java/lang/InterruptedException'> (0x00000000ea64b790) thrown at [D:\src\AOSP-openjdk-cygwin\jdk8u\hotspot\src\share\vm\runtime\objectMonitor.cpp, line 1684]
Event: 2130.268 Thread 0x000000001ee9d800 Exception <a 'sun/nio/fs/WindowsException'> (0x00000000ea77c6b0) thrown at [D:\src\AOSP-openjdk-cygwin\jdk8u\hotspot\src\share\vm\prims\jni.cpp, line 709]
Event: 2446.887 Thread 0x000000001ee9e800 Exception <a 'java/lang/InterruptedException'> (0x00000000efd4b748) thrown at [D:\src\AOSP-openjdk-cygwin\jdk8u\hotspot\src\share\vm\runtime\objectMonitor.cpp, line 1684]
Event: 2446.949 Thread 0x000000001ee9d000 Exception <a 'sun/nio/fs/WindowsException'> (0x00000000efecd010) thrown at [D:\src\AOSP-openjdk-cygwin\jdk8u\hotspot\src\share\vm\prims\jni.cpp, line 709]
Event: 2447.639 Thread 0x000000001ee9d000 Implicit null exception at 0x00000000044be214 to 0x00000000044be4ba
Event: 2447.639 Thread 0x000000001ee9d000 Implicit null exception at 0x0000000003ff4f54 to 0x0000000003ff5202
Event: 2493.963 Thread 0x000000001ee9f000 Exception <a 'java/lang/InterruptedException'> (0x00000000e9146a70) thrown at [D:\src\AOSP-openjdk-cygwin\jdk8u\hotspot\src\share\vm\runtime\objectMonitor.cpp, line 1684]
Event: 2493.979 Thread 0x000000001ee9d800 Exception <a 'sun/nio/fs/WindowsException'> (0x00000000e9117830) thrown at [D:\src\AOSP-openjdk-cygwin\jdk8u\hotspot\src\share\vm\prims\jni.cpp, line 709]
Event: 2495.295 Thread 0x000000001ee9d800 Implicit null exception at 0x0000000004f9b788 to 0x0000000004f9ba8d
Event: 2495.543 Thread 0x000000001ee9d800 Implicit null exception at 0x000000000541d9b0 to 0x000000000541da15

Events (10 events):
Event: 2495.640 Thread 0x000000001ee9d800 DEOPT UNPACKING pc=0x000000000314557b sp=0x00000000237eb2c0 mode 2
Event: 2495.640 Thread 0x000000001ee9d800 Uncommon trap: trap_request=0xffffffc6 fr.pc=0x00000000037d5654
Event: 2495.640 Thread 0x000000001ee9d800 DEOPT PACKING pc=0x00000000037d5654 sp=0x00000000237eb290
Event: 2495.640 Thread 0x000000001ee9d800 DEOPT UNPACKING pc=0x000000000314557b sp=0x00000000237eb238 mode 2
Event: 2495.640 Thread 0x000000001ee9d800 Uncommon trap: trap_request=0xffffffc6 fr.pc=0x0000000003dab2e0
Event: 2495.640 Thread 0x000000001ee9d800 DEOPT PACKING pc=0x0000000003dab2e0 sp=0x00000000237eb310
Event: 2495.640 Thread 0x000000001ee9d800 DEOPT UNPACKING pc=0x000000000314557b sp=0x00000000237eb2c8 mode 2
Event: 2495.640 Thread 0x000000001ee9d800 Uncommon trap: trap_request=0xffffffc6 fr.pc=0x0000000003dab2e0
Event: 2495.640 Thread 0x000000001ee9d800 DEOPT PACKING pc=0x0000000003dab2e0 sp=0x00000000237eb280
Event: 2495.640 Thread 0x000000001ee9d800 DEOPT UNPACKING pc=0x000000000314557b sp=0x00000000237eb248 mode 2


Dynamic libraries:
0x00007ff7db8d0000 - 0x00007ff7db901000 	C:\Users\kenai\Documents\workspace\Android\ide\android-studio\jre\jre\bin\java.exe
0x00007ffb48e30000 - 0x00007ffb4900b000 	C:\WINDOWS\SYSTEM32\ntdll.dll
0x00007ffb48830000 - 0x00007ffb488de000 	C:\WINDOWS\System32\KERNEL32.DLL
0x00007ffb45870000 - 0x00007ffb45ab9000 	C:\WINDOWS\System32\KERNELBASE.dll
0x00007ffb483f0000 - 0x00007ffb48491000 	C:\WINDOWS\System32\ADVAPI32.dll
0x00007ffb485c0000 - 0x00007ffb4865d000 	C:\WINDOWS\System32\msvcrt.dll
0x00007ffb46710000 - 0x00007ffb46769000 	C:\WINDOWS\System32\sechost.dll
0x00007ffb47f90000 - 0x00007ffb480b5000 	C:\WINDOWS\System32\RPCRT4.dll
0x00007ffb486e0000 - 0x00007ffb4882a000 	C:\WINDOWS\System32\USER32.dll
0x00007ffb456c0000 - 0x00007ffb456de000 	C:\WINDOWS\System32\win32u.dll
0x00007ffb48910000 - 0x00007ffb48937000 	C:\WINDOWS\System32\GDI32.dll
0x00007ffb456e0000 - 0x00007ffb45869000 	C:\WINDOWS\System32\gdi32full.dll
0x00007ffb453a0000 - 0x00007ffb4543a000 	C:\WINDOWS\System32\msvcp_win.dll
0x00007ffb45b90000 - 0x00007ffb45c86000 	C:\WINDOWS\System32\ucrtbase.dll
0x00007ffb38720000 - 0x00007ffb38987000 	C:\WINDOWS\WinSxS\amd64_microsoft.windows.common-controls_6595b64144ccf1df_6.0.15063.0_none_108e4f62dfe5d999\COMCTL32.dll
0x00007ffb46390000 - 0x00007ffb46689000 	C:\WINDOWS\System32\combase.dll
0x00007ffb45ac0000 - 0x00007ffb45b2a000 	C:\WINDOWS\System32\bcryptPrimitives.dll
0x00007ffb488e0000 - 0x00007ffb4890d000 	C:\WINDOWS\System32\IMM32.DLL
0x0000000069ec0000 - 0x0000000069f92000 	C:\Users\kenai\Documents\workspace\Android\ide\android-studio\jre\jre\bin\msvcr100.dll
0x000000006a940000 - 0x000000006b17f000 	C:\Users\kenai\Documents\workspace\Android\ide\android-studio\jre\jre\bin\server\jvm.dll
0x00007ffb486d0000 - 0x00007ffb486d8000 	C:\WINDOWS\System32\PSAPI.DLL
0x00007ffb404c0000 - 0x00007ffb404ca000 	C:\WINDOWS\SYSTEM32\VERSION.dll
0x00007ffb404f0000 - 0x00007ffb404f9000 	C:\WINDOWS\SYSTEM32\WSOCK32.dll
0x00007ffb437c0000 - 0x00007ffb437e3000 	C:\WINDOWS\SYSTEM32\WINMM.dll
0x00007ffb48660000 - 0x00007ffb486cc000 	C:\WINDOWS\System32\WS2_32.dll
0x00007ffb43760000 - 0x00007ffb4378b000 	C:\WINDOWS\SYSTEM32\winmmbase.dll
0x00007ffb45350000 - 0x00007ffb45399000 	C:\WINDOWS\System32\cfgmgr32.dll
0x00007ffb42840000 - 0x00007ffb4284f000 	C:\Users\kenai\Documents\workspace\Android\ide\android-studio\jre\jre\bin\verify.dll
0x00007ffb359f0000 - 0x00007ffb35a19000 	C:\Users\kenai\Documents\workspace\Android\ide\android-studio\jre\jre\bin\java.dll
0x00007ffb33910000 - 0x00007ffb33926000 	C:\Users\kenai\Documents\workspace\Android\ide\android-studio\jre\jre\bin\zip.dll
0x00007ffb46b50000 - 0x00007ffb47f87000 	C:\WINDOWS\System32\SHELL32.dll
0x00007ffb48d80000 - 0x00007ffb48e2a000 	C:\WINDOWS\System32\shcore.dll
0x00007ffb45c90000 - 0x00007ffb46382000 	C:\WINDOWS\System32\windows.storage.dll
0x00007ffb480d0000 - 0x00007ffb48121000 	C:\WINDOWS\System32\shlwapi.dll
0x00007ffb452e0000 - 0x00007ffb452f1000 	C:\WINDOWS\System32\kernel.appcore.dll
0x00007ffb45300000 - 0x00007ffb4534c000 	C:\WINDOWS\System32\powrprof.dll
0x00007ffb452a0000 - 0x00007ffb452b5000 	C:\WINDOWS\System32\profapi.dll
0x00007ffb42830000 - 0x00007ffb4283d000 	C:\Users\kenai\Documents\workspace\Android\ide\android-studio\jre\jre\bin\management.dll
0x00007ffb33290000 - 0x00007ffb332aa000 	C:\Users\kenai\Documents\workspace\Android\ide\android-studio\jre\jre\bin\net.dll
0x00007ffb44bb0000 - 0x00007ffb44c0c000 	C:\WINDOWS\system32\mswsock.dll
0x00007ffb32ec0000 - 0x00007ffb32ed1000 	C:\Users\kenai\Documents\workspace\Android\ide\android-studio\jre\jre\bin\nio.dll
0x00007ffb44d50000 - 0x00007ffb44d67000 	C:\WINDOWS\SYSTEM32\CRYPTSP.dll
0x00007ffb447e0000 - 0x00007ffb44814000 	C:\WINDOWS\system32\rsaenh.dll
0x00007ffb44e60000 - 0x00007ffb44e85000 	C:\WINDOWS\SYSTEM32\bcrypt.dll
0x00007ffb451d0000 - 0x00007ffb451f9000 	C:\WINDOWS\SYSTEM32\USERENV.dll
0x00007ffb44d70000 - 0x00007ffb44d7b000 	C:\WINDOWS\SYSTEM32\CRYPTBASE.dll
0x00007ffb44950000 - 0x00007ffb44987000 	C:\WINDOWS\SYSTEM32\IPHLPAPI.DLL
0x00007ffb484a0000 - 0x00007ffb484a8000 	C:\WINDOWS\System32\NSI.dll
0x00007ffb42c60000 - 0x00007ffb42c76000 	C:\WINDOWS\SYSTEM32\dhcpcsvc6.DLL
0x00007ffb42c40000 - 0x00007ffb42c5a000 	C:\WINDOWS\SYSTEM32\dhcpcsvc.DLL

VM Arguments:
jvm_args: -Djava.awt.headless=true -Djava.rmi.server.hostname=localhost -Xmx1536m -Dkotlin.environment.keepalive 
java_command: org.jetbrains.kotlin.daemon.KotlinCompileDaemon --daemon-runFilesPath C:\Users\kenai\AppData\Local\kotlin\daemon --daemon-autoshutdownIdleSeconds=7200 --daemon-compilerClasspath C:\Users\kenai\.gradle\caches\modules-2\files-2.1\org.jetbrains.kotlin\kotlin-compiler-embeddable\1.2.0\17eefd45a8efe1fd7d537d3f8e981f6d76c5ae0e\kotlin-compiler-embeddable-1.2.0.jar;C:\Users\kenai\.gradle\caches\jars-3\5d46a7bc936f4bc0d131fbf26d5d24b2\kotlin-stdlib-1.2.0.jar;C:\Users\kenai\.gradle\caches\modules-2\files-2.1\org.jetbrains.kotlin\kotlin-script-runtime\1.2.0\269ab8b6a2d55c23dbf2e317a1af2b4c7e8d54b6\kotlin-script-runtime-1.2.0.jar;C:\Users\kenai\.gradle\caches\jars-3\9b2ad6e490dafa7b23339296a2c97f4e\kotlin-reflect-1.2.0.jar;C:\Users\kenai\Documents\workspace\Android\ide\android-studio\jre\lib\tools.jar
java_class_path (initial): C:\Users\kenai\.gradle\caches\modules-2\files-2.1\org.jetbrains.kotlin\kotlin-compiler-embeddable\1.2.0\17eefd45a8efe1fd7d537d3f8e981f6d76c5ae0e\kotlin-compiler-embeddable-1.2.0.jar;C:\Users\kenai\.gradle\caches\jars-3\5d46a7bc936f4bc0d131fbf26d5d24b2\kotlin-stdlib-1.2.0.jar;C:\Users\kenai\.gradle\caches\modules-2\files-2.1\org.jetbrains.kotlin\kotlin-script-runtime\1.2.0\269ab8b6a2d55c23dbf2e317a1af2b4c7e8d54b6\kotlin-script-runtime-1.2.0.jar;C:\Users\kenai\.gradle\caches\jars-3\9b2ad6e490dafa7b23339296a2c97f4e\kotlin-reflect-1.2.0.jar;C:\Users\kenai\Documents\workspace\Android\ide\android-studio\jre\lib\tools.jar
Launcher Type: SUN_STANDARD

Environment Variables:
JAVA_HOME=C:\Program Files\Java\jdk1.8.0_45
PATH=C:\Program Files (x86)\Common Files\Intel\Shared Files\cpp\bin\Intel64;C:\Program Files (x86)\Common Files\NetSarang;C:\ProgramData\Oracle\Java\javapath;C:\WINDOWS\system32;C:\WINDOWS;C:\WINDOWS\System32\Wbem;C:\WINDOWS\System32\WindowsPowerShell\v1.0\;C:\Program Files (x86)\ATI Technologies\ATI.ACE\Core-Static;C:\Program Files (x86)\Git\cmd;C:\Program Files (x86)\AMD\ATI.ACE\Core-Static;C:\Program Files\SourceGear\Common\DiffMerge\;%localappdata%\Microsoft\WindowsApps;C:\Program Files (x86)\CMake\bin;C:\Python27\Scripts;C:\Python27;C:\Users\kenai\Documents\workspace\Android\sdk\platform-tools/systrace;C:\Users\kenai\Documents\workspace\Android\sdk\tools;C:\Users\kenai\Documents\workspace\Android\sdk\platform-tools;C:\Users\kenai\.babun;C:\Program Files (x86)\mingw-w64\i686-5.3.0-posix-dwarf-rt_v4-rev0\mingw32\bin;C:\Users\kenai\AppData\Local\Microsoft\WindowsApps;C:\Users\kenai\Documents\workspace\Android\sdk\ndk-bundle\;C:\Users\kenai\Documents\workspace\Android\sdk\tools\;C:\ant\bin;C:\Program Files (x86)\Microsoft VS Code\bin;C:\Users\kenai\AppData\Local\Programs\Fiddler;C:\Program Files\Java\jdk1.8.0_45\bin;
USERNAME=yujunqing
OS=Windows_NT
PROCESSOR_IDENTIFIER=Intel64 Family 6 Model 60 Stepping 3, GenuineIntel



---------------  S Y S T E M  ---------------

OS: Windows 10.0 , 64 bit Build 15063 (10.0.15063.0)

CPU:total 8 (initial active 8) (4 cores per cpu, 2 threads per core) family 6 model 60 stepping 3, cmov, cx8, fxsr, mmx, sse, sse2, sse3, ssse3, sse4.1, sse4.2, popcnt, avx, avx2, aes, clmul, erms, lzcnt, ht, tsc, tscinvbit, bmi1, bmi2

Memory: 4k page, physical 25103684k(6280056k free), swap 27151684k(5808k free)

vm_info: OpenJDK 64-Bit Server VM (25.152-b02) for windows-amd64 JRE (1.8.0_152-release-1024-b02), built by "builder" with MS VC++ 10.0 (VS2010)

time: Thu Jan 25 18:22:29 2018
elapsed time: 2495 seconds (0d 0h 41m 35s)

