#
# There is insufficient memory for the Java Runtime Environment to continue.
# Native memory allocation (malloc) failed to allocate 159216 bytes for Chunk::new
# Possible reasons:
#   The system is out of physical RAM or swap space
#   In 32 bit mode, the process size limit was hit
# Possible solutions:
#   Reduce memory load on the system
#   Increase physical memory or swap space
#   Check if swap backing store is full
#   Use 64 bit Java on a 64 bit OS
#   Decrease Java heap size (-Xmx/-Xms)
#   Decrease number of Java threads
#   Decrease Java thread stack sizes (-Xss)
#   Set larger code cache with -XX:ReservedCodeCacheSize=
# This output file may be truncated or incomplete.
#
#  Out of Memory Error (allocation.cpp:390), pid=14956, tid=0x0000000000000730
#
# JRE version: OpenJDK Runtime Environment (8.0_152-b02) (build 1.8.0_152-release-1024-b02)
# Java VM: OpenJDK 64-Bit Server VM (25.152-b02 mixed mode windows-amd64 compressed oops)
# Failed to write core dump. Minidumps are not enabled by default on client versions of Windows
#

---------------  T H R E A D  ---------------

Current thread (0x000000001658a800):  JavaThread "C2 CompilerThread2" daemon [_thread_in_native, id=1840, stack(0x0000000018e70000,0x0000000018f70000)]

Stack: [0x0000000018e70000,0x0000000018f70000]
[error occurred during error reporting (printing stack bounds), id 0xc0000005]

Native frames: (J=compiled Java code, j=interpreted, Vv=VM code, C=native code)


Current CompileTask:
C2: 169401 16930   !   4       com.sun.org.apache.xerces.internal.impl.XMLDocumentFragmentScannerImpl$FragmentContentDriver::next (2346 bytes)


---------------  P R O C E S S  ---------------

Java Threads: ( => current thread )
  0x000000001bff1800 JavaThread "Cache worker for Artifact transforms cache (C:\Users\kenai\.gradle\caches\transforms-1)" [_thread_blocked, id=13764, stack(0x000000002a080000,0x000000002a180000)]
  0x000000001bff4800 JavaThread "Cache worker for file hash cache (C:\Users\kenai\Documents\workspace\my\ProjectX\.gradle\4.5\fileHashes)" [_thread_blocked, id=1672, stack(0x0000000029f80000,0x000000002a080000)]
  0x000000001bff0800 JavaThread "Stdin handler" [_thread_blocked, id=2700, stack(0x0000000029e80000,0x0000000029f80000)]
  0x000000001bff7800 JavaThread "Asynchronous log dispatcher for DefaultDaemonConnection: socket connection from /127.0.0.1:58035 to /127.0.0.1:59497" [_thread_blocked, id=20020, stack(0x0000000029d80000,0x0000000029e80000)]
  0x000000001bfed800 JavaThread "Daemon worker Thread 2" [_thread_in_Java, id=17976, stack(0x0000000029c80000,0x0000000029d80000)]
  0x000000001bff0000 JavaThread "Cancel handler" [_thread_blocked, id=1596, stack(0x0000000029b80000,0x0000000029c80000)]
  0x000000001bfee800 JavaThread "Handler for socket connection from /127.0.0.1:58035 to /127.0.0.1:59497" [_thread_in_native, id=5108, stack(0x0000000029a80000,0x0000000029b80000)]
  0x000000001bff3800 JavaThread "Daemon Thread 2" [_thread_blocked, id=21480, stack(0x0000000029980000,0x0000000029a80000)]
  0x000000001c40c000 JavaThread "RMI Reaper" [_thread_blocked, id=2224, stack(0x0000000028a80000,0x0000000028b80000)]
  0x000000001c40b800 JavaThread "RMI TCP Accept-0" daemon [_thread_in_native, id=20456, stack(0x0000000028980000,0x0000000028a80000)]
  0x000000001c40e800 JavaThread "GC Daemon" daemon [_thread_blocked, id=21336, stack(0x0000000028880000,0x0000000028980000)]
  0x000000001c403800 JavaThread "RMI Scheduler(0)" daemon [_thread_blocked, id=15628, stack(0x0000000028680000,0x0000000028780000)]
  0x000000001c407800 JavaThread "Memory manager" [_thread_blocked, id=19664, stack(0x0000000022e50000,0x0000000022f50000)]
  0x000000001c403000 JavaThread "pool-1-thread-1" [_thread_blocked, id=16676, stack(0x0000000022a40000,0x0000000022b40000)]
  0x000000001a658000 JavaThread "File lock request listener" [_thread_in_native, id=16788, stack(0x000000001bd70000,0x000000001be70000)]
  0x000000001a5ad000 JavaThread "Cache worker for file hash cache (C:\Users\kenai\.gradle\caches\4.5\fileHashes)" [_thread_blocked, id=464, stack(0x000000001bc70000,0x000000001bd70000)]
  0x000000001a476000 JavaThread "Daemon periodic checks" [_thread_blocked, id=5308, stack(0x000000001b070000,0x000000001b170000)]
  0x000000001a48d800 JavaThread "Incoming local TCP Connector on port 58035" [_thread_in_native, id=8760, stack(0x000000001ac40000,0x000000001ad40000)]
  0x0000000018522000 JavaThread "Service Thread" daemon [_thread_blocked, id=2732, stack(0x0000000019070000,0x0000000019170000)]
  0x000000001658e800 JavaThread "C1 CompilerThread3" daemon [_thread_blocked, id=15368, stack(0x0000000018f70000,0x0000000019070000)]
=>0x000000001658a800 JavaThread "C2 CompilerThread2" daemon [_thread_in_native, id=1840, stack(0x0000000018e70000,0x0000000018f70000)]
  0x0000000018506000 JavaThread "C2 CompilerThread1" daemon [_thread_in_native, id=12236, stack(0x0000000018d70000,0x0000000018e70000)]
  0x0000000018502000 JavaThread "C2 CompilerThread0" daemon [_thread_in_native, id=21284, stack(0x0000000018c70000,0x0000000018d70000)]
  0x00000000184ae800 JavaThread "Attach Listener" daemon [_thread_blocked, id=16088, stack(0x0000000018b70000,0x0000000018c70000)]
  0x00000000184ad800 JavaThread "Signal Dispatcher" daemon [_thread_blocked, id=10192, stack(0x0000000018a70000,0x0000000018b70000)]
  0x00000000027b9800 JavaThread "Finalizer" daemon [_thread_blocked, id=15224, stack(0x0000000018870000,0x0000000018970000)]
  0x00000000027b8000 JavaThread "Reference Handler" daemon [_thread_blocked, id=10328, stack(0x0000000018370000,0x0000000018470000)]
  0x00000000025be000 JavaThread "main" [_thread_blocked, id=21180, stack(0x00000000025c0000,0x00000000026c0000)]

Other Threads:
  0x0000000016577000 VMThread [stack: 0x0000000018270000,0x0000000018370000] [id=5968]
  0x0000000018524800 WatcherThread [stack: 0x0000000019170000,0x0000000019270000] [id=20636]

VM state:not at safepoint (normal execution)

VM Mutex/Monitor currently owned by a thread: None

Heap:
 PSYoungGen      total 472064K, used 214489K [0x00000000e0000000, 0x0000000100000000, 0x0000000100000000)
  eden space 419840K, 44% used [0x00000000e0000000,0x00000000eb82bd08,0x00000000f9a00000)
  from space 52224K, 49% used [0x00000000f9a00000,0x00000000fb34aa18,0x00000000fcd00000)
  to   space 50176K, 0% used [0x00000000fcf00000,0x00000000fcf00000,0x0000000100000000)
 ParOldGen       total 303104K, used 83709K [0x00000000a0000000, 0x00000000b2800000, 0x00000000e0000000)
  object space 303104K, 27% used [0x00000000a0000000,0x00000000a51bf668,0x00000000b2800000)
 Metaspace       used 81840K, capacity 85322K, committed 85592K, reserved 1124352K
  class space    used 10512K, capacity 11328K, committed 11392K, reserved 1048576K

Card table byte_map: [0x0000000011b80000,0x0000000011e90000] byte_map_base: 0x0000000011680000

Marking Bits: (ParMarkBitMap*) 0x0000000077f84970
 Begin Bits: [0x0000000012890000, 0x0000000014090000)
 End Bits:   [0x0000000014090000, 0x0000000015890000)

Polling page: 0x00000000009a0000

CodeCache: size=245760Kb used=46978Kb max_used=46978Kb free=198781Kb
 bounds [0x00000000027c0000, 0x00000000055e0000, 0x00000000117c0000]
 total_blobs=14566 nmethods=13692 adapters=785
 compilation: enabled

Compilation events (10 events):
Event: 169.352 Thread 0x000000001658e800 17010       2       com.sun.org.apache.xerces.internal.xni.parser.XMLInputSource::setCharacterStream (6 bytes)
Event: 169.352 Thread 0x000000001658e800 nmethod 17010 0x00000000055d1490 code [0x00000000055d15e0, 0x00000000055d1750]
Event: 169.352 Thread 0x000000001658e800 17007       2       com.sun.org.apache.xerces.internal.impl.XMLEntityManager::createReader (371 bytes)
Event: 169.353 Thread 0x000000001658e800 nmethod 17007 0x00000000055d17d0 code [0x00000000055d1b40, 0x00000000055d2d38]
Event: 169.353 Thread 0x000000001658e800 17014       2       org.gradle.internal.resolve.result.DefaultBuildableComponentResolveResult::getMetaData (9 bytes)
Event: 169.354 Thread 0x000000001658e800 nmethod 17014 0x00000000055d3d50 code [0x00000000055d3ec0, 0x00000000055d4128]
Event: 169.354 Thread 0x000000001658e800 17004       2       org.gradle.api.internal.artifacts.repositories.resolver.ExternalResourceResolver$RemoteRepositoryAccess::resolveComponentMetaData (11 bytes)
Event: 169.354 Thread 0x000000001658e800 nmethod 17004 0x00000000055d42d0 code [0x00000000055d4440, 0x00000000055d45c8]
Event: 169.354 Thread 0x000000001658e800 17013       2       org.gradle.api.internal.artifacts.repositories.metadata.MavenMutableModuleMetadataFactory::create (29 bytes)
Event: 169.354 Thread 0x000000001658e800 nmethod 17013 0x00000000055d4690 code [0x00000000055d4820, 0x00000000055d4b88]

GC Heap History (10 events):
Event: 26.718 GC heap before
{Heap before GC invocations=14 (full 3):
 PSYoungGen      total 488960K, used 488944K [0x00000000e0000000, 0x0000000100000000, 0x0000000100000000)
  eden space 462848K, 100% used [0x00000000e0000000,0x00000000fc400000,0x00000000fc400000)
  from space 26112K, 99% used [0x00000000fe680000,0x00000000ffffc2e8,0x0000000100000000)
  to   space 30720K, 0% used [0x00000000fc400000,0x00000000fc400000,0x00000000fe200000)
 ParOldGen       total 303104K, used 44320K [0x00000000a0000000, 0x00000000b2800000, 0x00000000e0000000)
  object space 303104K, 14% used [0x00000000a0000000,0x00000000a2b48020,0x00000000b2800000)
 Metaspace       used 74782K, capacity 77450K, committed 77784K, reserved 1116160K
  class space    used 9700K, capacity 10370K, committed 10496K, reserved 1048576K
Event: 26.742 GC heap after
Heap after GC invocations=14 (full 3):
 PSYoungGen      total 493056K, used 30124K [0x00000000e0000000, 0x0000000100000000, 0x0000000100000000)
  eden space 462848K, 0% used [0x00000000e0000000,0x00000000e0000000,0x00000000fc400000)
  from space 30208K, 99% used [0x00000000fc400000,0x00000000fe16b2a8,0x00000000fe180000)
  to   space 31232K, 0% used [0x00000000fe180000,0x00000000fe180000,0x0000000100000000)
 ParOldGen       total 303104K, used 44328K [0x00000000a0000000, 0x00000000b2800000, 0x00000000e0000000)
  object space 303104K, 14% used [0x00000000a0000000,0x00000000a2b4a020,0x00000000b2800000)
 Metaspace       used 74782K, capacity 77450K, committed 77784K, reserved 1116160K
  class space    used 9700K, capacity 10370K, committed 10496K, reserved 1048576K
}
Event: 27.493 GC heap before
{Heap before GC invocations=15 (full 3):
 PSYoungGen      total 493056K, used 492972K [0x00000000e0000000, 0x0000000100000000, 0x0000000100000000)
  eden space 462848K, 100% used [0x00000000e0000000,0x00000000fc400000,0x00000000fc400000)
  from space 30208K, 99% used [0x00000000fc400000,0x00000000fe16b2a8,0x00000000fe180000)
  to   space 31232K, 0% used [0x00000000fe180000,0x00000000fe180000,0x0000000100000000)
 ParOldGen       total 303104K, used 44479K [0x00000000a0000000, 0x00000000b2800000, 0x00000000e0000000)
  object space 303104K, 14% used [0x00000000a0000000,0x00000000a2b6ff48,0x00000000b2800000)
 Metaspace       used 74803K, capacity 77450K, committed 77784K, reserved 1116160K
  class space    used 9700K, capacity 10370K, committed 10496K, reserved 1048576K
Event: 27.524 GC heap after
Heap after GC invocations=15 (full 3):
 PSYoungGen      total 475648K, used 31200K [0x00000000e0000000, 0x0000000100000000, 0x0000000100000000)
  eden space 444416K, 0% used [0x00000000e0000000,0x00000000e0000000,0x00000000fb200000)
  from space 31232K, 99% used [0x00000000fe180000,0x00000000ffff82c8,0x0000000100000000)
  to   space 39936K, 0% used [0x00000000fb200000,0x00000000fb200000,0x00000000fd900000)
 ParOldGen       total 303104K, used 51483K [0x00000000a0000000, 0x00000000b2800000, 0x00000000e0000000)
  object space 303104K, 16% used [0x00000000a0000000,0x00000000a3246cb0,0x00000000b2800000)
 Metaspace       used 74803K, capacity 77450K, committed 77784K, reserved 1116160K
  class space    used 9700K, capacity 10370K, committed 10496K, reserved 1048576K
}
Event: 29.846 GC heap before
{Heap before GC invocations=16 (full 3):
 PSYoungGen      total 475648K, used 475616K [0x00000000e0000000, 0x0000000100000000, 0x0000000100000000)
  eden space 444416K, 100% used [0x00000000e0000000,0x00000000fb200000,0x00000000fb200000)
  from space 31232K, 99% used [0x00000000fe180000,0x00000000ffff82c8,0x0000000100000000)
  to   space 39936K, 0% used [0x00000000fb200000,0x00000000fb200000,0x00000000fd900000)
 ParOldGen       total 303104K, used 51484K [0x00000000a0000000, 0x00000000b2800000, 0x00000000e0000000)
  object space 303104K, 16% used [0x00000000a0000000,0x00000000a32473b0,0x00000000b2800000)
 Metaspace       used 75289K, capacity 78024K, committed 78296K, reserved 1118208K
  class space    used 9758K, capacity 10449K, committed 10496K, reserved 1048576K
Event: 29.879 GC heap after
Heap after GC invocations=16 (full 3):
 PSYoungGen      total 484352K, used 39930K [0x00000000e0000000, 0x0000000100000000, 0x0000000100000000)
  eden space 444416K, 0% used [0x00000000e0000000,0x00000000e0000000,0x00000000fb200000)
  from space 39936K, 99% used [0x00000000fb200000,0x00000000fd8fe928,0x00000000fd900000)
  to   space 39936K, 0% used [0x00000000fd900000,0x00000000fd900000,0x0000000100000000)
 ParOldGen       total 303104K, used 75465K [0x00000000a0000000, 0x00000000b2800000, 0x00000000e0000000)
  object space 303104K, 24% used [0x00000000a0000000,0x00000000a49b2628,0x00000000b2800000)
 Metaspace       used 75289K, capacity 78024K, committed 78296K, reserved 1118208K
  class space    used 9758K, capacity 10449K, committed 10496K, reserved 1048576K
}
Event: 31.498 GC heap before
{Heap before GC invocations=17 (full 3):
 PSYoungGen      total 484352K, used 484346K [0x00000000e0000000, 0x0000000100000000, 0x0000000100000000)
  eden space 444416K, 100% used [0x00000000e0000000,0x00000000fb200000,0x00000000fb200000)
  from space 39936K, 99% used [0x00000000fb200000,0x00000000fd8fe928,0x00000000fd900000)
  to   space 39936K, 0% used [0x00000000fd900000,0x00000000fd900000,0x0000000100000000)
 ParOldGen       total 303104K, used 75465K [0x00000000a0000000, 0x00000000b2800000, 0x00000000e0000000)
  object space 303104K, 24% used [0x00000000a0000000,0x00000000a49b2628,0x00000000b2800000)
 Metaspace       used 76114K, capacity 78988K, committed 79192K, reserved 1118208K
  class space    used 9844K, capacity 10543K, committed 10624K, reserved 1048576K
Event: 31.513 GC heap after
Heap after GC invocations=17 (full 3):
 PSYoungGen      total 459776K, used 18574K [0x00000000e0000000, 0x0000000100000000, 0x0000000100000000)
  eden space 419840K, 0% used [0x00000000e0000000,0x00000000e0000000,0x00000000f9a00000)
  from space 39936K, 46% used [0x00000000fd900000,0x00000000feb23ba8,0x0000000100000000)
  to   space 52224K, 0% used [0x00000000f9a00000,0x00000000f9a00000,0x00000000fcd00000)
 ParOldGen       total 303104K, used 83701K [0x00000000a0000000, 0x00000000b2800000, 0x00000000e0000000)
  object space 303104K, 27% used [0x00000000a0000000,0x00000000a51bd668,0x00000000b2800000)
 Metaspace       used 76114K, capacity 78988K, committed 79192K, reserved 1118208K
  class space    used 9844K, capacity 10543K, committed 10624K, reserved 1048576K
}
Event: 33.841 GC heap before
{Heap before GC invocations=18 (full 3):
 PSYoungGen      total 459776K, used 438248K [0x00000000e0000000, 0x0000000100000000, 0x0000000100000000)
  eden space 419840K, 99% used [0x00000000e0000000,0x00000000f99d6598,0x00000000f9a00000)
  from space 39936K, 46% used [0x00000000fd900000,0x00000000feb23ba8,0x0000000100000000)
  to   space 52224K, 0% used [0x00000000f9a00000,0x00000000f9a00000,0x00000000fcd00000)
 ParOldGen       total 303104K, used 83701K [0x00000000a0000000, 0x00000000b2800000, 0x00000000e0000000)
  object space 303104K, 27% used [0x00000000a0000000,0x00000000a51bd668,0x00000000b2800000)
 Metaspace       used 77217K, capacity 80310K, committed 80472K, reserved 1118208K
  class space    used 10019K, capacity 10762K, committed 10880K, reserved 1048576K
Event: 33.848 GC heap after
Heap after GC invocations=18 (full 3):
 PSYoungGen      total 472064K, used 25898K [0x00000000e0000000, 0x0000000100000000, 0x0000000100000000)
  eden space 419840K, 0% used [0x00000000e0000000,0x00000000e0000000,0x00000000f9a00000)
  from space 52224K, 49% used [0x00000000f9a00000,0x00000000fb34aa18,0x00000000fcd00000)
  to   space 50176K, 0% used [0x00000000fcf00000,0x00000000fcf00000,0x0000000100000000)
 ParOldGen       total 303104K, used 83709K [0x00000000a0000000, 0x00000000b2800000, 0x00000000e0000000)
  object space 303104K, 27% used [0x00000000a0000000,0x00000000a51bf668,0x00000000b2800000)
 Metaspace       used 77217K, capacity 80310K, committed 80472K, reserved 1118208K
  class space    used 10019K, capacity 10762K, committed 10880K, reserved 1048576K
}

Deoptimization events (10 events):
Event: 168.910 Thread 0x000000001bfed800 Uncommon trap: reason=class_check action=maybe_recompile pc=0x00000000048dc49c method=org.objectweb.asm.MethodVisitor.visitCode()V @ 11
Event: 168.910 Thread 0x000000001bfed800 Uncommon trap: reason=unstable_if action=reinterpret pc=0x0000000004780e5c method=org.objectweb.asm.MethodVisitor.visitJumpInsn(ILorg/objectweb/asm/Label;)V @ 4
Event: 168.910 Thread 0x000000001bfed800 Uncommon trap: reason=class_check action=maybe_recompile pc=0x00000000048dc7a8 method=org.objectweb.asm.MethodVisitor.visitMaxs(II)V @ 13
Event: 168.910 Thread 0x000000001bfed800 Uncommon trap: reason=class_check action=maybe_recompile pc=0x00000000048dcadc method=org.objectweb.asm.MethodVisitor.visitEnd()V @ 11
Event: 168.918 Thread 0x000000001bfed800 Uncommon trap: reason=class_check action=maybe_recompile pc=0x000000000481a34c method=org.objectweb.asm.ClassReader.readField(Lorg/objectweb/asm/ClassVisitor;Lorg/objectweb/asm/Context;I)I @ 659
Event: 168.965 Thread 0x000000001bfed800 Uncommon trap: reason=bimorphic action=maybe_recompile pc=0x0000000003a471e0 method=com.google.common.io.ByteStreams.copy(Ljava/io/InputStream;Ljava/io/OutputStream;)J @ 39
Event: 168.976 Thread 0x000000001bfed800 Uncommon trap: reason=array_check action=maybe_recompile pc=0x0000000004014c4c method=java.util.ComparableTimSort.reverseRange([Ljava/lang/Object;II)V @ 20
Event: 168.981 Thread 0x000000001bfed800 Uncommon trap: reason=array_check action=maybe_recompile pc=0x0000000004014c4c method=java.util.ComparableTimSort.reverseRange([Ljava/lang/Object;II)V @ 20
Event: 168.994 Thread 0x000000001bfed800 Uncommon trap: reason=unstable_if action=reinterpret pc=0x000000000411e64c method=com.google.common.collect.ImmutableSortedSet.emptySet(Ljava/util/Comparator;)Lcom/google/common/collect/ImmutableSortedSet; @ 9
Event: 168.997 Thread 0x000000001bfed800 Uncommon trap: reason=array_check action=maybe_recompile pc=0x0000000004014c4c method=java.util.ComparableTimSort.reverseRange([Ljava/lang/Object;II)V @ 20

Classes redefined (0 events):
No events

Internal exceptions (10 events):
Event: 34.518 Thread 0x000000001a48f800 Exception <a 'java/lang/NoSuchMethodError': <clinit>> (0x00000000e86a82b8) thrown at [D:\src\AOSP-openjdk-cygwin\jdk8u\hotspot\src\share\vm\prims\jni.cpp, line 1613]
Event: 34.518 Thread 0x000000001a48f800 Exception <a 'java/lang/NoSuchMethodError': <clinit>> (0x00000000e86b68b0) thrown at [D:\src\AOSP-openjdk-cygwin\jdk8u\hotspot\src\share\vm\prims\jni.cpp, line 1613]
Event: 34.519 Thread 0x000000001a48f800 Exception <a 'java/lang/NoSuchMethodError': <clinit>> (0x00000000e86c1218) thrown at [D:\src\AOSP-openjdk-cygwin\jdk8u\hotspot\src\share\vm\prims\jni.cpp, line 1613]
Event: 34.520 Thread 0x000000001a48f800 Exception <a 'java/lang/NoSuchMethodError': <clinit>> (0x00000000e86ca8d0) thrown at [D:\src\AOSP-openjdk-cygwin\jdk8u\hotspot\src\share\vm\prims\jni.cpp, line 1613]
Event: 34.522 Thread 0x000000001a48f800 Exception <a 'java/lang/NoSuchMethodError': <clinit>> (0x00000000e86e3460) thrown at [D:\src\AOSP-openjdk-cygwin\jdk8u\hotspot\src\share\vm\prims\jni.cpp, line 1613]
Event: 34.522 Thread 0x000000001a48f800 Exception <a 'java/lang/NoSuchMethodError': <clinit>> (0x00000000e86f3818) thrown at [D:\src\AOSP-openjdk-cygwin\jdk8u\hotspot\src\share\vm\prims\jni.cpp, line 1613]
Event: 34.534 Thread 0x000000001a4af000 Exception <a 'java/lang/NoSuchMethodError': <clinit>> (0x00000000e8eb9048) thrown at [D:\src\AOSP-openjdk-cygwin\jdk8u\hotspot\src\share\vm\prims\jni.cpp, line 1613]
Event: 168.887 Thread 0x000000001bfed800 Implicit null exception at 0x00000000028eca9d to 0x00000000028ecdcd
Event: 168.978 Thread 0x000000001bfed800 Exception <a 'java/lang/ClassNotFoundException': sync_local_repo54611_48jwpbvtq8yy8p7ldig0yzycpBeanInfo> (0x00000000e9f5c4b8) thrown at [D:\src\AOSP-openjdk-cygwin\jdk8u\hotspot\src\share\vm\classfile\systemDictionary.cpp, line 210]
Event: 168.978 Thread 0x000000001bfed800 Exception <a 'java/lang/ClassNotFoundException': sync_local_repo54611_48jwpbvtq8yy8p7ldig0yzycpCustomizer> (0x00000000e9f683d8) thrown at [D:\src\AOSP-openjdk-cygwin\jdk8u\hotspot\src\share\vm\classfile\systemDictionary.cpp, line 210]

Events (10 events):
Event: 169.005 loading class groovy/runtime/metaclass/sync_local_repo54611_48jwpbvtq8yy8p7ldig0yzycp$_run_closure1$_closure3$_closure6MetaClass done
Event: 169.021 Thread 0x000000001bff1800 Thread added: 0x000000001bff1800
Event: 169.212 Thread 0x000000001bfed800 DEOPT PACKING pc=0x000000000325bc80 sp=0x0000000029d7a1a0
Event: 169.212 Thread 0x000000001bfed800 DEOPT UNPACKING pc=0x00000000028075d0 sp=0x0000000029d7a098 mode 0
Event: 169.261 Thread 0x000000001bfed800 DEOPT PACKING pc=0x000000000328dac6 sp=0x0000000029d7a290
Event: 169.261 Thread 0x000000001bfed800 DEOPT UNPACKING pc=0x00000000028075d0 sp=0x0000000029d7a0b0 mode 0
Event: 169.318 Thread 0x000000001bfed800 DEOPT PACKING pc=0x000000000325bc80 sp=0x0000000029d78a80
Event: 169.318 Thread 0x000000001bfed800 DEOPT UNPACKING pc=0x00000000028075d0 sp=0x0000000029d78978 mode 0
Event: 169.345 Thread 0x000000001bfed800 DEOPT PACKING pc=0x0000000003311906 sp=0x0000000029d78b30
Event: 169.345 Thread 0x000000001bfed800 DEOPT UNPACKING pc=0x00000000028075d0 sp=0x0000000029d78868 mode 0


Dynamic libraries:
0x00007ff7a69f0000 - 0x00007ff7a6a21000 	C:\Users\kenai\Documents\workspace\Android\ide\android-studio\jre\bin\java.exe
0x00007ffbd7a70000 - 0x00007ffbd7c4b000 	C:\WINDOWS\SYSTEM32\ntdll.dll
0x00007ffbd76c0000 - 0x00007ffbd776e000 	C:\WINDOWS\System32\KERNEL32.DLL
0x00007ffbd4920000 - 0x00007ffbd4b69000 	C:\WINDOWS\System32\KERNELBASE.dll
0x00007ffbd5b60000 - 0x00007ffbd5c01000 	C:\WINDOWS\System32\ADVAPI32.dll
0x00007ffbd5500000 - 0x00007ffbd559d000 	C:\WINDOWS\System32\msvcrt.dll
0x00007ffbd75f0000 - 0x00007ffbd7649000 	C:\WINDOWS\System32\sechost.dll
0x00007ffbd7350000 - 0x00007ffbd7475000 	C:\WINDOWS\System32\RPCRT4.dll
0x00007ffbd5880000 - 0x00007ffbd59ca000 	C:\WINDOWS\System32\USER32.dll
0x00007ffbd4d20000 - 0x00007ffbd4d3e000 	C:\WINDOWS\System32\win32u.dll
0x00007ffbd5470000 - 0x00007ffbd5497000 	C:\WINDOWS\System32\GDI32.dll
0x00007ffbd4030000 - 0x00007ffbd41b9000 	C:\WINDOWS\System32\gdi32full.dll
0x00007ffbd3f90000 - 0x00007ffbd402a000 	C:\WINDOWS\System32\msvcp_win.dll
0x00007ffbd4c20000 - 0x00007ffbd4d16000 	C:\WINDOWS\System32\ucrtbase.dll
0x00007ffbc7b70000 - 0x00007ffbc7dd7000 	C:\WINDOWS\WinSxS\amd64_microsoft.windows.common-controls_6595b64144ccf1df_6.0.15063.0_none_108e4f62dfe5d999\COMCTL32.dll
0x00007ffbd7770000 - 0x00007ffbd7a69000 	C:\WINDOWS\System32\combase.dll
0x00007ffbd4d40000 - 0x00007ffbd4daa000 	C:\WINDOWS\System32\bcryptPrimitives.dll
0x00007ffbd5830000 - 0x00007ffbd585d000 	C:\WINDOWS\System32\IMM32.DLL
0x00000000504a0000 - 0x0000000050572000 	C:\Users\kenai\Documents\workspace\Android\ide\android-studio\jre\jre\bin\msvcr100.dll
0x00000000777c0000 - 0x0000000077fff000 	C:\Users\kenai\Documents\workspace\Android\ide\android-studio\jre\jre\bin\server\jvm.dll
0x00007ffbd7050000 - 0x00007ffbd7058000 	C:\WINDOWS\System32\PSAPI.DLL
0x00007ffbceef0000 - 0x00007ffbceef9000 	C:\WINDOWS\SYSTEM32\WSOCK32.dll
0x00007ffbd2400000 - 0x00007ffbd2423000 	C:\WINDOWS\SYSTEM32\WINMM.dll
0x00007ffbcedf0000 - 0x00007ffbcedfa000 	C:\WINDOWS\SYSTEM32\VERSION.dll
0x00007ffbd7650000 - 0x00007ffbd76bc000 	C:\WINDOWS\System32\WS2_32.dll
0x00007ffbd23a0000 - 0x00007ffbd23cb000 	C:\WINDOWS\SYSTEM32\winmmbase.dll
0x00007ffbd4db0000 - 0x00007ffbd4df9000 	C:\WINDOWS\System32\cfgmgr32.dll
0x00007ffbd22b0000 - 0x00007ffbd22bf000 	C:\Users\kenai\Documents\workspace\Android\ide\android-studio\jre\jre\bin\verify.dll
0x00007ffbcc580000 - 0x00007ffbcc5a9000 	C:\Users\kenai\Documents\workspace\Android\ide\android-studio\jre\jre\bin\java.dll
0x00007ffbcd390000 - 0x00007ffbcd3a6000 	C:\Users\kenai\Documents\workspace\Android\ide\android-studio\jre\jre\bin\zip.dll
0x00007ffbd5c10000 - 0x00007ffbd7047000 	C:\WINDOWS\System32\SHELL32.dll
0x00007ffbd7540000 - 0x00007ffbd75ea000 	C:\WINDOWS\System32\shcore.dll
0x00007ffbd4220000 - 0x00007ffbd4912000 	C:\WINDOWS\System32\windows.storage.dll
0x00007ffbd54a0000 - 0x00007ffbd54f1000 	C:\WINDOWS\System32\shlwapi.dll
0x00007ffbd3f70000 - 0x00007ffbd3f81000 	C:\WINDOWS\System32\kernel.appcore.dll
0x00007ffbd3ee0000 - 0x00007ffbd3f2c000 	C:\WINDOWS\System32\powrprof.dll
0x00007ffbd3f30000 - 0x00007ffbd3f45000 	C:\WINDOWS\System32\profapi.dll
0x00007ffbcc630000 - 0x00007ffbcc64a000 	C:\Users\kenai\Documents\workspace\Android\ide\android-studio\jre\jre\bin\net.dll
0x00007ffbd37f0000 - 0x00007ffbd384c000 	C:\WINDOWS\system32\mswsock.dll
0x00007ffbcc4e0000 - 0x00007ffbcc4f1000 	C:\Users\kenai\Documents\workspace\Android\ide\android-studio\jre\jre\bin\nio.dll
0x00007ffbcd3f0000 - 0x00007ffbcd40e000 	C:\Users\kenai\.gradle\native\25\windows-amd64\native-platform.dll
0x00007ffbcf350000 - 0x00007ffbcf35d000 	C:\Users\kenai\Documents\workspace\Android\ide\android-studio\jre\jre\bin\management.dll
0x00007ffbd3990000 - 0x00007ffbd39a7000 	C:\WINDOWS\SYSTEM32\CRYPTSP.dll
0x00007ffbd3420000 - 0x00007ffbd3454000 	C:\WINDOWS\system32\rsaenh.dll
0x00007ffbd3aa0000 - 0x00007ffbd3ac5000 	C:\WINDOWS\SYSTEM32\bcrypt.dll
0x00007ffbd3e10000 - 0x00007ffbd3e39000 	C:\WINDOWS\SYSTEM32\USERENV.dll
0x00007ffbd39b0000 - 0x00007ffbd39bb000 	C:\WINDOWS\SYSTEM32\CRYPTBASE.dll
0x00007ffbd3590000 - 0x00007ffbd35c7000 	C:\WINDOWS\SYSTEM32\IPHLPAPI.DLL
0x00007ffbd59d0000 - 0x00007ffbd59d8000 	C:\WINDOWS\System32\NSI.dll
0x00007ffbd04c0000 - 0x00007ffbd04d6000 	C:\WINDOWS\SYSTEM32\dhcpcsvc6.DLL
0x00007ffbd04a0000 - 0x00007ffbd04ba000 	C:\WINDOWS\SYSTEM32\dhcpcsvc.DLL
0x00007ffbcc440000 - 0x00007ffbcc45e000 	C:\Users\kenai\AppData\Local\Temp\native-platform6095788976686323224dir\native-platform.dll
0x00007ffbd3250000 - 0x00007ffbd3281000 	C:\WINDOWS\SYSTEM32\ntmarta.dll

VM Arguments:
jvm_args: -Xmx1536m -Dfile.encoding=GBK -Duser.country=CN -Duser.language=zh -Duser.variant 
java_command: org.gradle.launcher.daemon.bootstrap.GradleDaemon 4.5
java_class_path (initial): C:\Users\kenai\Documents\workspace\Android\ide\android-studio\gradle\gradle-4.5\lib\gradle-launcher-4.5.jar
Launcher Type: SUN_STANDARD

Environment Variables:
JAVA_HOME=C:\Program Files\Java\jdk1.8.0_45
PATH=C:\Program Files (x86)\Common Files\Intel\Shared Files\cpp\bin\Intel64;C:\Program Files (x86)\Common Files\NetSarang;C:\ProgramData\Oracle\Java\javapath;C:\WINDOWS\system32;C:\WINDOWS;C:\WINDOWS\System32\Wbem;C:\WINDOWS\System32\WindowsPowerShell\v1.0\;C:\Program Files (x86)\ATI Technologies\ATI.ACE\Core-Static;C:\Program Files (x86)\Git\cmd;C:\Program Files (x86)\AMD\ATI.ACE\Core-Static;C:\Program Files\SourceGear\Common\DiffMerge\;%localappdata%\Microsoft\WindowsApps;C:\Program Files (x86)\CMake\bin;C:\Python27\Scripts;C:\Python27;C:\Users\kenai\Documents\workspace\Android\sdk\platform-tools/systrace;C:\Users\kenai\Documents\workspace\Android\sdk\tools;C:\Users\kenai\Documents\workspace\Android\sdk\platform-tools;C:\Users\kenai\.babun;C:\Program Files (x86)\mingw-w64\i686-5.3.0-posix-dwarf-rt_v4-rev0\mingw32\bin;C:\Users\kenai\AppData\Local\Microsoft\WindowsApps;C:\Users\kenai\Documents\workspace\Android\sdk\ndk-bundle\;C:\Users\kenai\Documents\workspace\Android\sdk\tools\;C:\ant\bin;C:\Program Files (x86)\Microsoft VS Code\bin;C:\Users\kenai\AppData\Local\Programs\Fiddler;C:\Program Files\Java\jdk1.8.0_45\bin
USERNAME=yujunqing
OS=Windows_NT
PROCESSOR_IDENTIFIER=Intel64 Family 6 Model 60 Stepping 3, GenuineIntel



---------------  S Y S T E M  ---------------

OS: Windows 10.0 , 64 bit Build 15063 (10.0.15063.0)

CPU:total 8 (initial active 8) (4 cores per cpu, 2 threads per core) family 6 model 60 stepping 3, cmov, cx8, fxsr, mmx, sse, sse2, sse3, ssse3, sse4.1, sse4.2, popcnt, avx, avx2, aes, clmul, erms, lzcnt, ht, tsc, tscinvbit, bmi1, bmi2

Memory: 4k page, physical 25103684k(6382288k free), swap 27151684k(92168k free)

vm_info: OpenJDK 64-Bit Server VM (25.152-b02) for windows-amd64 JRE (1.8.0_152-release-1024-b02), built by "builder" with MS VC++ 10.0 (VS2010)

time: Tue Mar 13 17:26:50 2018
elapsed time: 169 seconds (0d 0h 2m 49s)

